<?xml version="1.0" encoding="UTF-8"?>
<testsuite xmlns:xsi="http://www.w3.org/2001/XMLSchema-instance" xsi:noNamespaceSchemaLocation="https://maven.apache.org/surefire/maven-surefire-plugin/xsd/surefire-test-report-3.0.xsd" version="3.0" name="com.example.gymcrm.storage.TrainingStorageTest" time="0.012" tests="4" errors="0" skipped="0" failures="0">
  <properties>
[...]
</properties>
  <testcase name="getStorage_ShouldReturnSameInstance_WhenCalledMultipleTimes" classname="com.example.gymcrm.storage.TrainingStorageTest" time="0.001"/>
  <testcase name="getStorage_ShouldAllowMultipleTrainings" classname="com.example.gymcrm.storage.TrainingStorageTest" time="0.001"/>
  <testcase name="getStorage_ShouldReturnEmptyMap_WhenNoTrainingsAdded" classname="com.example.gymcrm.storage.TrainingStorageTest" time="0.0"/>
  <testcase name="getStorage_ShouldReturnMapWithTrainings_WhenTrainingsAdded" classname="com.example.gymcrm.storage.TrainingStorageTest" time="0.002"/>
</testsuite>